scripts/kconfig/conf  --silentoldconfig Kconfig
  CHK     include/config/kernel.release
  CHK     include/generated/uapi/linux/version.h
  CHK     include/generated/utsrelease.h
  GEN     include/generated/mach-types.h
  CC      kernel/bounds.s
  CHK     include/generated/bounds.h
  CHK     include/generated/timeconst.h
  CC      arch/arm/kernel/asm-offsets.s
  CHK     include/generated/asm-offsets.h
  CALL    scripts/checksyscalls.sh
  HOSTCC  scripts/dtc/dtc.o
  HOSTCC  scripts/dtc/flattree.o
  HOSTCC  scripts/dtc/fstree.o
  HOSTCC  scripts/dtc/data.o
  HOSTCC  scripts/dtc/livetree.o
  HOSTCC  scripts/dtc/treesource.o
  HOSTCC  scripts/dtc/srcpos.o
  HOSTCC  scripts/dtc/checks.o
  HOSTCC  scripts/dtc/util.o
  HOSTCC  scripts/dtc/dtc-lexer.lex.o
  HOSTCC  scripts/dtc/dtc-parser.tab.o
  HOSTLD  scripts/dtc/dtc
  HOSTCC  scripts/genksyms/genksyms.o
  HOSTCC  scripts/genksyms/parse.tab.o
  HOSTCC  scripts/genksyms/lex.lex.o
  HOSTLD  scripts/genksyms/genksyms
  CC      scripts/mod/empty.o
  HOSTCC  scripts/mod/mk_elfconfig
  MKELF   scripts/mod/elfconfig.h
  HOSTCC  scripts/mod/modpost.o
  CC      scripts/mod/devicetable-offsets.s
  GEN     scripts/mod/devicetable-offsets.h
  HOSTCC  scripts/mod/file2alias.o
  HOSTCC  scripts/mod/sumversion.o
  HOSTLD  scripts/mod/modpost
  HOSTCC  scripts/kallsyms
  HOSTCC  scripts/pnmtologo
  HOSTCC  scripts/conmakehash
  HOSTCC  scripts/recordmcount
  HOSTCC  scripts/sortextable
  CC      init/main.o
  CHK     include/generated/compile.h
  CC      init/version.o
  CC      init/do_mounts.o
  CC      init/do_mounts_rd.o
  CC      init/do_mounts_initrd.o
  LD      init/mounts.o
  CC      init/initramfs.o
  CC      init/calibrate.o
  CC      init/init_task.o
  LD      init/built-in.o
  HOSTCC  usr/gen_init_cpio
  GEN     usr/initramfs_data.cpio.gz
  AS      usr/initramfs_data.o
  LD      usr/built-in.o
  CC      arch/arm/vfp/vfpmodule.o
  AS      arch/arm/vfp/entry.o
  AS      arch/arm/vfp/vfphw.o
  CC      arch/arm/vfp/vfpsingle.o
  CC      arch/arm/vfp/vfpdouble.o
  LD      arch/arm/vfp/vfp.o
  LD      arch/arm/vfp/built-in.o
  LDS     arch/arm/vdso/vdso.lds
  CC      arch/arm/vdso/vgettimeofday.o
  AS      arch/arm/vdso/datapage.o
  VDSO    arch/arm/vdso/vdso.so.raw
  HOSTCC  arch/arm/vdso/vdsomunge
  MUNGE   arch/arm/vdso/vdso.so.dbg
  OBJCOPY arch/arm/vdso/vdso.so
  AS      arch/arm/vdso/vdso.o
  LD      arch/arm/vdso/built-in.o
  CC      arch/arm/kernel/elf.o
  AS      arch/arm/kernel/entry-common.o
  CC      arch/arm/kernel/irq.o
  CC      arch/arm/kernel/opcodes.o
  CC      arch/arm/kernel/process.o
  CC      arch/arm/kernel/ptrace.o
  CC      arch/arm/kernel/reboot.o
  CC      arch/arm/kernel/return_address.o
  CC      arch/arm/kernel/setup.o
  CC      arch/arm/kernel/signal.o
  AS      arch/arm/kernel/sigreturn_codes.o
  CC      arch/arm/kernel/stacktrace.o
  CC      arch/arm/kernel/sys_arm.o
  CC      arch/arm/kernel/time.o
  CC      arch/arm/kernel/traps.o
  AS      arch/arm/kernel/entry-armv.o
  CC      arch/arm/kernel/fiq.o
  AS      arch/arm/kernel/fiqasm.o
  CC      arch/arm/kernel/armksyms.o
  CC      arch/arm/kernel/module.o
  CC      arch/arm/kernel/smp.o
  CC      arch/arm/kernel/smp_tlb.o
  CC      arch/arm/kernel/arch_timer.o
  AS      arch/arm/kernel/entry-ftrace.o
  CC      arch/arm/kernel/ftrace.o
  CC      arch/arm/kernel/insn.o
  CC      arch/arm/kernel/jump_label.o
  CC      arch/arm/kernel/patch.o
  CC      arch/arm/kernel/kgdb.o
  CC      arch/arm/kernel/unwind.o
  CC      arch/arm/kernel/devtree.o
  CC      arch/arm/kernel/swp_emulate.o
  CC      arch/arm/kernel/hw_breakpoint.o
  CC      arch/arm/kernel/perf_regs.o
  CC      arch/arm/kernel/perf_callchain.o
  CC      arch/arm/kernel/perf_event_xscale.o
  CC      arch/arm/kernel/perf_event_v6.o
  CC      arch/arm/kernel/perf_event_v7.o
  CC      arch/arm/kernel/topology.o
  CC      arch/arm/kernel/vdso.o
  CC      arch/arm/kernel/io.o
  AS      arch/arm/kernel/hyp-stub.o
  AS      arch/arm/kernel/smccc-call.o
  LD      arch/arm/kernel/built-in.o
  AS      arch/arm/kernel/head.o
  LDS     arch/arm/kernel/vmlinux.lds
  CC      arch/arm/mm/dma-mapping.o
  CC      arch/arm/mm/extable.o
  CC      arch/arm/mm/fault.o
  CC      arch/arm/mm/init.o
  CC      arch/arm/mm/iomap.o
  CC      arch/arm/mm/fault-armv.o
  CC      arch/arm/mm/flush.o
  CC      arch/arm/mm/idmap.o
  CC      arch/arm/mm/ioremap.o
  CC      arch/arm/mm/mmap.o
  CC      arch/arm/mm/pgd.o
  CC      arch/arm/mm/mmu.o
  CC      arch/arm/mm/pageattr.o
  CC      arch/arm/mm/proc-syms.o
  CC      arch/arm/mm/alignment.o
  AS      arch/arm/mm/abort-ev7.o
  AS      arch/arm/mm/pabort-v7.o
  AS      arch/arm/mm/cache-v7.o
  CC      arch/arm/mm/copypage-v6.o
  CC      arch/arm/mm/context.o
  AS      arch/arm/mm/tlb-v7.o
  AS      arch/arm/mm/proc-v7.o
  LD      arch/arm/mm/built-in.o
  CC      arch/arm/common/firmware.o
  LD      arch/arm/common/built-in.o
  CC      arch/arm/probes/decode.o
  CC      arch/arm/probes/kprobes/core.o
  CC      arch/arm/probes/kprobes/actions-common.o
  CC      arch/arm/probes/kprobes/checkers-common.o
  CC      arch/arm/probes/kprobes/actions-arm.o
  CC      arch/arm/probes/kprobes/checkers-arm.o
  CC      arch/arm/probes/kprobes/opt-arm.o
  LD      arch/arm/probes/kprobes/built-in.o
  CC      arch/arm/probes/decode-arm.o
  LD      arch/arm/probes/built-in.o
  LD      arch/arm/net/built-in.o
  LD      arch/arm/crypto/built-in.o
  LD      arch/arm/firmware/built-in.o
  CC      arch/arm/mach-bcm/board_bcm2835.o
  LD      arch/arm/mach-bcm/built-in.o
  CC      kernel/fork.o
  CC      kernel/exec_domain.o
  CC      kernel/panic.o
  CC      kernel/cpu.o
  CC      kernel/exit.o
  CC      kernel/softirq.o
  CC      kernel/resource.o
  CC      kernel/sysctl.o
  CC      kernel/sysctl_binary.o
  CC      kernel/capability.o
  CC      kernel/ptrace.o
  CC      kernel/user.o
  CC      kernel/signal.o
  CC      kernel/sys.o
  CC      kernel/kmod.o
  CC      kernel/workqueue.o
  CC      kernel/pid.o
  CC      kernel/task_work.o
  CC      kernel/extable.o
  CC      kernel/params.o
  CC      kernel/kthread.o
  CC      kernel/sys_ni.o
  CC      kernel/nsproxy.o
  CC      kernel/notifier.o
  CC      kernel/ksysfs.o
  CC      kernel/cred.o
  CC      kernel/reboot.o
  CC      kernel/async.o
  CC      kernel/range.o
  CC      kernel/smpboot.o
  CC      kernel/ucount.o
  CC      kernel/groups.o
  CC      kernel/bpf/core.o
  LD      kernel/bpf/built-in.o
  CC      kernel/debug/debug_core.o
  CC      kernel/debug/gdbstub.o
  CC      kernel/debug/kdb/kdb_io.o
  CC      kernel/debug/kdb/kdb_main.o
  CC      kernel/debug/kdb/kdb_support.o
  CC      kernel/debug/kdb/kdb_bt.o
  GENKDB  kernel/debug/kdb/gen-kdb_cmds.c
  CC      kernel/debug/kdb/gen-kdb_cmds.o
  CC      kernel/debug/kdb/kdb_bp.o
  CC      kernel/debug/kdb/kdb_debugger.o
  CC      kernel/debug/kdb/kdb_keyboard.o
  LD      kernel/debug/kdb/built-in.o
  LD      kernel/debug/built-in.o
  CC      kernel/events/core.o
  CC      kernel/events/ring_buffer.o
  CC      kernel/events/callchain.o
  CC      kernel/events/hw_breakpoint.o
  LD      kernel/events/built-in.o
  CC      kernel/irq/irqdesc.o
  CC      kernel/irq/handle.o
  CC      kernel/irq/manage.o
  CC      kernel/irq/spurious.o
  CC      kernel/irq/resend.o
  CC      kernel/irq/chip.o
  CC      kernel/irq/dummychip.o
  CC      kernel/irq/devres.o
  CC      kernel/irq/autoprobe.o
  CC      kernel/irq/irqdomain.o
  CC      kernel/irq/proc.o
  CC      kernel/irq/affinity.o
  LD      kernel/irq/built-in.o
  LD      kernel/livepatch/built-in.o
  CC      kernel/locking/mutex.o
  CC      kernel/locking/semaphore.o
  CC      kernel/locking/rwsem.o
  CC      kernel/locking/percpu-rwsem.o
  CC      kernel/locking/spinlock.o
  CC      kernel/locking/osq_lock.o
  CC      kernel/locking/rtmutex.o
  CC      kernel/locking/rwsem-xadd.o
  LD      kernel/locking/built-in.o
  CC      kernel/power/qos.o
  CC      kernel/power/main.o
  CC      kernel/power/process.o
  CC      kernel/power/poweroff.o
  LD      kernel/power/built-in.o
  CC      kernel/printk/printk.o
  CC      kernel/printk/nmi.o
  LD      kernel/printk/built-in.o
  CC      kernel/rcu/update.o
  CC      kernel/rcu/sync.o
  CC      kernel/rcu/srcu.o
  CC      kernel/rcu/tree.o
  LD      kernel/rcu/built-in.o
  CC      kernel/sched/core.o
  CC      kernel/sched/loadavg.o
  CC      kernel/sched/clock.o
  CC      kernel/sched/cputime.o
  CC      kernel/sched/idle_task.o
  CC      kernel/sched/fair.o
  CC      kernel/sched/rt.o
  CC      kernel/sched/deadline.o
  CC      kernel/sched/stop_task.o
  CC      kernel/sched/wait.o
  CC      kernel/sched/swait.o
  CC      kernel/sched/completion.o
  CC      kernel/sched/idle.o
  CC      kernel/sched/cpupri.o
  CC      kernel/sched/cpudeadline.o
  CC      kernel/sched/auto_group.o
  CC      kernel/sched/stats.o
  CC      kernel/sched/debug.o
  CC      kernel/sched/cpuacct.o
  CC      kernel/sched/cpufreq.o
  CC      kernel/sched/cpufreq_schedutil.o
  LD      kernel/sched/built-in.o
  CC      kernel/time/time.o
  CC      kernel/time/timer.o
  CC      kernel/time/hrtimer.o
  CC      kernel/time/itimer.o
  CC      kernel/time/posix-timers.o
  CC      kernel/time/posix-cpu-timers.o
  CC      kernel/time/timekeeping.o
  CC      kernel/time/ntp.o
  CC      kernel/time/clocksource.o
  CC      kernel/time/jiffies.o
  CC      kernel/time/timer_list.o
  CC      kernel/time/timeconv.o
  CC      kernel/time/timecounter.o
  CC      kernel/time/posix-clock.o
  CC      kernel/time/alarmtimer.o
  CC      kernel/time/clockevents.o
  CC      kernel/time/tick-common.o
  CC      kernel/time/tick-broadcast.o
  CC      kernel/time/tick-broadcast-hrtimer.o
  CC      kernel/time/sched_clock.o
  CC      kernel/time/tick-oneshot.o
  CC      kernel/time/tick-sched.o
  CC      kernel/time/timer_stats.o
  CC      kernel/time/timekeeping_debug.o
  LD      kernel/time/built-in.o
  CC      kernel/trace/trace_clock.o
  CC      kernel/trace/ftrace.o
  LD      kernel/trace/libftrace.o
  CC      kernel/trace/ring_buffer.o
  CC      kernel/trace/trace.o
  CC      kernel/trace/trace_output.o
  CC      kernel/trace/trace_seq.o
  CC      kernel/trace/trace_stat.o
  CC      kernel/trace/trace_printk.o
  CC      kernel/trace/trace_sched_switch.o
  CC      kernel/trace/trace_functions.o
  CC      kernel/trace/trace_irqsoff.o
  CC      kernel/trace/trace_sched_wakeup.o
  CC      kernel/trace/trace_nop.o
  CC      kernel/trace/trace_stack.o
  CC      kernel/trace/trace_functions_graph.o
  CC      kernel/trace/blktrace.o
  CC      kernel/trace/trace_events.o
  CC      kernel/trace/trace_export.o
  CC      kernel/trace/trace_event_perf.o
  CC      kernel/trace/trace_events_filter.o
  CC      kernel/trace/trace_events_trigger.o
  CC      kernel/trace/power-traces.o
  CC      kernel/trace/rpm-traces.o
  CC      kernel/trace/trace_kdb.o
  LD      kernel/trace/built-in.o
  CC      kernel/freezer.o
  CC      kernel/profile.o
  CC      kernel/stacktrace.o
  CC      kernel/futex.o
  CC      kernel/smp.o
  CC      kernel/uid16.o
  CC      kernel/module.o
  CC      kernel/kallsyms.o
  CC      kernel/acct.o
  CC      kernel/cgroup.o
  CC      kernel/cgroup_freezer.o
  CC      kernel/cpuset.o
  CC      kernel/utsname.o
  CC      kernel/user_namespace.o
  CC      kernel/pid_namespace.o
  CC      kernel/stop_machine.o
  CC      kernel/kprobes.o
  CC      kernel/hung_task.o
  CC      kernel/seccomp.o
  CC      kernel/relay.o
  CC      kernel/utsname_sysctl.o
  CC      kernel/delayacct.o
  CC      kernel/taskstats.o
  CC      kernel/tsacct.o
  CC      kernel/tracepoint.o
  CC      kernel/latencytop.o
  CC      kernel/elfcore.o
  CC      kernel/irq_work.o
  CC      kernel/jump_label.o
  CC      kernel/membarrier.o
  CC      kernel/memremap.o
  LD      kernel/built-in.o
  LD      certs/built-in.o
  CC      mm/filemap.o
  CC      mm/mempool.o
  CC      mm/oom_kill.o
  CC      mm/maccess.o
  CC      mm/page_alloc.o
  CC      mm/page-writeback.o
  CC      mm/readahead.o
  CC      mm/swap.o
  CC      mm/truncate.o
  CC      mm/vmscan.o
  CC      mm/shmem.o
  CC      mm/util.o
  CC      mm/mmzone.o
  CC      mm/vmstat.o
  CC      mm/backing-dev.o
  CC      mm/mm_init.o
  CC      mm/mmu_context.o
  CC      mm/percpu.o
  CC      mm/slab_common.o
  CC      mm/compaction.o
  CC      mm/vmacache.o
  CC      mm/interval_tree.o
  CC      mm/list_lru.o
  CC      mm/workingset.o
  CC      mm/debug.o
  CC      mm/gup.o
  CC      mm/highmem.o
  CC      mm/memory.o
  CC      mm/mincore.o
  CC      mm/mlock.o
  CC      mm/mmap.o
  CC      mm/mprotect.o
  CC      mm/mremap.o
  CC      mm/msync.o
  CC      mm/rmap.o
  CC      mm/vmalloc.o
  CC      mm/pagewalk.o
  CC      mm/pgtable-generic.o
  CC      mm/process_vm_access.o
  CC      mm/init-mm.o
  CC      mm/nobootmem.o
  CC      mm/fadvise.o
  CC      mm/madvise.o
  CC      mm/memblock.o
  CC      mm/page_io.o
  CC      mm/swap_state.o
  CC      mm/swapfile.o
  CC      mm/frontswap.o
  CC      mm/dmapool.o
  CC      mm/slub.o
  CC      mm/migrate.o
  CC      mm/page_counter.o
  CC      mm/memcontrol.o
  CC      mm/vmpressure.o
  CC      mm/cleancache.o
  CC      mm/page_isolation.o
  CC      mm/early_ioremap.o
  CC      mm/cma.o
  CC      mm/frame_vector.o
  LD      mm/built-in.o
  CC      fs/open.o
  CC      fs/read_write.o
  CC      fs/file_table.o
  CC      fs/super.o
  CC      fs/char_dev.o
  CC      fs/stat.o
  CC      fs/exec.o
  CC      fs/pipe.o
  CC      fs/namei.o
  CC      fs/fcntl.o
  CC      fs/ioctl.o
  CC      fs/readdir.o
  CC      fs/select.o
  CC      fs/dcache.o
  CC      fs/inode.o
  CC      fs/attr.o
  CC      fs/bad_inode.o
  CC      fs/file.o
  CC      fs/filesystems.o
  CC      fs/namespace.o
  CC      fs/seq_file.o
  CC      fs/xattr.o
  CC      fs/libfs.o
  CC      fs/fs-writeback.o
  CC      fs/pnode.o
  CC      fs/splice.o
  CC      fs/sync.o
  CC      fs/utimes.o
  CC      fs/stack.o
  CC      fs/fs_struct.o
  CC      fs/statfs.o
  CC      fs/fs_pin.o
  CC      fs/nsfs.o
  CC      fs/buffer.o
  CC      fs/block_dev.o
  CC      fs/direct-io.o
  CC      fs/mpage.o
  CC      fs/proc_namespace.o
  LD      fs/9p/built-in.o
  CC      fs/autofs4/init.o
  CC      fs/autofs4/inode.o
  CC      fs/autofs4/root.o
  CC      fs/autofs4/symlink.o
  CC      fs/autofs4/waitq.o
  CC      fs/autofs4/expire.o
  CC      fs/autofs4/dev-ioctl.o
  LD      fs/autofs4/autofs4.o
  LD      fs/autofs4/built-in.o
  LD      fs/btrfs/built-in.o
  CC      fs/cachefiles/bind.o
  CC      fs/cachefiles/daemon.o
  CC      fs/cachefiles/interface.o
  CC      fs/cachefiles/key.o
  CC      fs/cachefiles/main.o
  CC      fs/cachefiles/namei.o
  CC      fs/cachefiles/rdwr.o
  CC      fs/cachefiles/security.o
  CC      fs/cachefiles/xattr.o
  LD      fs/cachefiles/cachefiles.o
  LD      fs/cachefiles/built-in.o
  LD      fs/cifs/built-in.o
  CC      fs/configfs/inode.o
  CC      fs/configfs/file.o
  CC      fs/configfs/dir.o
  CC      fs/configfs/symlink.o
  CC      fs/configfs/mount.o
  CC      fs/configfs/item.o
  LD      fs/configfs/configfs.o
  LD      fs/configfs/built-in.o
  CC      fs/debugfs/inode.o
  CC      fs/debugfs/file.o
  LD      fs/debugfs/debugfs.o
  LD      fs/debugfs/built-in.o
  CC      fs/devpts/inode.o
  LD      fs/devpts/devpts.o
  LD      fs/devpts/built-in.o
  LD      fs/dlm/built-in.o
  LD      fs/ecryptfs/built-in.o
  LD      fs/exofs/built-in.o
  CC      fs/exportfs/expfs.o
  LD      fs/exportfs/exportfs.o
  LD      fs/exportfs/built-in.o
  CC      fs/ext4/balloc.o
  CC      fs/ext4/bitmap.o
  CC      fs/ext4/dir.o
  CC      fs/ext4/file.o
  CC      fs/ext4/fsync.o
  CC      fs/ext4/ialloc.o
  CC      fs/ext4/inode.o
  CC      fs/ext4/page-io.o
  CC      fs/ext4/ioctl.o
  CC      fs/ext4/namei.o
  CC      fs/ext4/super.o
  CC      fs/ext4/symlink.o
  CC      fs/ext4/hash.o
  CC      fs/ext4/resize.o
  CC      fs/ext4/extents.o
  CC      fs/ext4/ext4_jbd2.o
  CC      fs/ext4/migrate.o
  CC      fs/ext4/mballoc.o
  CC      fs/ext4/block_validity.o
  CC      fs/ext4/move_extent.o
  CC      fs/ext4/mmp.o
  CC      fs/ext4/indirect.o
  CC      fs/ext4/extents_status.o
  CC      fs/ext4/xattr.o
  CC      fs/ext4/xattr_user.o
  CC      fs/ext4/xattr_trusted.o
  CC      fs/ext4/inline.o
  CC      fs/ext4/readpage.o
  CC      fs/ext4/sysfs.o
  CC      fs/ext4/acl.o
  CC      fs/ext4/xattr_security.o
  LD      fs/ext4/ext4.o
  LD      fs/ext4/built-in.o
  CC      fs/f2fs/dir.o
  CC      fs/f2fs/file.o
  CC      fs/f2fs/inode.o
  CC      fs/f2fs/namei.o
  CC      fs/f2fs/hash.o
  CC      fs/f2fs/super.o
  CC      fs/f2fs/inline.o
  CC      fs/f2fs/checkpoint.o
  CC      fs/f2fs/gc.o
  CC      fs/f2fs/data.o
  CC      fs/f2fs/node.o
  CC      fs/f2fs/segment.o
  CC      fs/f2fs/recovery.o
  CC      fs/f2fs/shrinker.o
  CC      fs/f2fs/extent_cache.o
  CC      fs/f2fs/debug.o
  CC      fs/f2fs/xattr.o
  CC      fs/f2fs/acl.o
  LD      fs/f2fs/f2fs.o
  LD      fs/f2fs/built-in.o
  CC      fs/fat/cache.o
  CC      fs/fat/dir.o
  CC      fs/fat/fatent.o
  CC      fs/fat/file.o
  CC      fs/fat/inode.o
  CC      fs/fat/misc.o
  CC      fs/fat/nfs.o
  LD      fs/fat/fat.o
  CC      fs/fat/namei_vfat.o
  LD      fs/fat/vfat.o
  CC      fs/fat/namei_msdos.o
  LD      fs/fat/msdos.o
  LD      fs/fat/built-in.o
  CC      fs/fscache/cache.o
  CC      fs/fscache/cookie.o
  CC      fs/fscache/fsdef.o
  CC      fs/fscache/main.o
  CC      fs/fscache/netfs.o
  CC      fs/fscache/object.o
  CC      fs/fscache/operation.o
  CC      fs/fscache/page.o
  CC      fs/fscache/proc.o
  CC      fs/fscache/stats.o
  CC      fs/fscache/histogram.o
  LD      fs/fscache/fscache.o
  LD      fs/fscache/built-in.o
  LD      fs/fuse/built-in.o
  LD      fs/gfs2/built-in.o
  LD      fs/hfs/built-in.o
  LD      fs/hfsplus/built-in.o
  LD      fs/isofs/built-in.o
  CC      fs/jbd2/transaction.o
  CC      fs/jbd2/commit.o
  CC      fs/jbd2/recovery.o
  CC      fs/jbd2/checkpoint.o
  CC      fs/jbd2/revoke.o
  CC      fs/jbd2/journal.o
  LD      fs/jbd2/jbd2.o
  LD      fs/jbd2/built-in.o
  LD      fs/jffs2/built-in.o
  LD      fs/jfs/built-in.o
  CC      fs/kernfs/mount.o
  CC      fs/kernfs/inode.o
  CC      fs/kernfs/dir.o
  CC      fs/kernfs/file.o
  CC      fs/kernfs/symlink.o
  LD      fs/kernfs/built-in.o
  CC      fs/lockd/clntlock.o
  CC      fs/lockd/clntproc.o
  CC      fs/lockd/clntxdr.o
  CC      fs/lockd/host.o
  CC      fs/lockd/svc.o
  CC      fs/lockd/svclock.o
  CC      fs/lockd/svcshare.o
  CC      fs/lockd/svcproc.o
  CC      fs/lockd/svcsubs.o
  CC      fs/lockd/mon.o
  CC      fs/lockd/xdr.o
  CC      fs/lockd/clnt4xdr.o
  CC      fs/lockd/xdr4.o
  CC      fs/lockd/svc4proc.o
  CC      fs/lockd/procfs.o
  LD      fs/lockd/lockd.o
  LD      fs/lockd/built-in.o
  CC      fs/nfs/client.o
  CC      fs/nfs/dir.o
  CC      fs/nfs/file.o
  CC      fs/nfs/getroot.o
  CC      fs/nfs/inode.o
  CC      fs/nfs/super.o
  CC      fs/nfs/io.o
  CC      fs/nfs/direct.o
  CC      fs/nfs/pagelist.o
  CC      fs/nfs/read.o
  CC      fs/nfs/symlink.o
  CC      fs/nfs/unlink.o
  CC      fs/nfs/write.o
  CC      fs/nfs/namespace.o
  CC      fs/nfs/mount_clnt.o
  CC      fs/nfs/nfstrace.o
  CC      fs/nfs/nfsroot.o
  CC      fs/nfs/sysctl.o
  CC      fs/nfs/fscache.o
  CC      fs/nfs/fscache-index.o
  LD      fs/nfs/nfs.o
  CC      fs/nfs/nfs2super.o
  CC      fs/nfs/proc.o
  CC      fs/nfs/nfs2xdr.o
  LD      fs/nfs/nfsv2.o
  CC      fs/nfs/nfs3super.o
  CC      fs/nfs/nfs3client.o
  CC      fs/nfs/nfs3proc.o
  CC      fs/nfs/nfs3xdr.o
  CC      fs/nfs/nfs3acl.o
  LD      fs/nfs/nfsv3.o
  CC      fs/nfs/nfs4proc.o
  CC      fs/nfs/nfs4xdr.o
  CC      fs/nfs/nfs4state.o
  CC      fs/nfs/nfs4renewd.o
  CC      fs/nfs/nfs4super.o
  CC      fs/nfs/nfs4file.o
  CC      fs/nfs/delegation.o
  CC      fs/nfs/nfs4idmap.o
  CC      fs/nfs/callback.o
  CC      fs/nfs/callback_xdr.o
  CC      fs/nfs/callback_proc.o
  CC      fs/nfs/nfs4namespace.o
  CC      fs/nfs/nfs4getroot.o
  CC      fs/nfs/nfs4client.o
  CC      fs/nfs/nfs4session.o
  CC      fs/nfs/dns_resolve.o
  CC      fs/nfs/nfs4trace.o
  CC      fs/nfs/nfs4sysctl.o
  LD      fs/nfs/nfsv4.o
  LD      fs/nfs/built-in.o
  CC      fs/nfs_common/nfsacl.o
  LD      fs/nfs_common/nfs_acl.o
  CC      fs/nfs_common/grace.o
  LD      fs/nfs_common/built-in.o
  LD      fs/nfsd/built-in.o
  LD      fs/nilfs2/built-in.o
  CC      fs/nls/nls_base.o
  CC      fs/nls/nls_cp437.o
  CC      fs/nls/nls_ascii.o
  LD      fs/nls/built-in.o
  CC      fs/notify/fsnotify.o
  CC      fs/notify/notification.o
  CC      fs/notify/group.o
  CC      fs/notify/inode_mark.o
  CC      fs/notify/mark.o
  CC      fs/notify/vfsmount_mark.o
  CC      fs/notify/fdinfo.o
  CC      fs/notify/dnotify/dnotify.o
  LD      fs/notify/dnotify/built-in.o
  CC      fs/notify/fanotify/fanotify.o
  CC      fs/notify/fanotify/fanotify_user.o
  LD      fs/notify/fanotify/built-in.o
  CC      fs/notify/inotify/inotify_fsnotify.o
  CC      fs/notify/inotify/inotify_user.o
  LD      fs/notify/inotify/built-in.o
  LD      fs/notify/built-in.o
  LD      fs/ntfs/built-in.o
  LD      fs/ocfs2/built-in.o
  LD      fs/ocfs2/cluster/built-in.o
  LD      fs/ocfs2/dlm/built-in.o
  LD      fs/ocfs2/dlmfs/built-in.o
  LD      fs/overlayfs/built-in.o
  CC      fs/proc/task_mmu.o
  CC      fs/proc/inode.o
  CC      fs/proc/root.o
  CC      fs/proc/base.o
  CC      fs/proc/generic.o
  CC      fs/proc/array.o
  CC      fs/proc/fd.o
  CC      fs/proc/proc_tty.o
  CC      fs/proc/cmdline.o
  CC      fs/proc/consoles.o
  CC      fs/proc/cpuinfo.o
  CC      fs/proc/devices.o
  CC      fs/proc/interrupts.o
  CC      fs/proc/loadavg.o
  CC      fs/proc/meminfo.o
  CC      fs/proc/stat.o
  CC      fs/proc/uptime.o
  CC      fs/proc/version.o
  CC      fs/proc/softirqs.o
  CC      fs/proc/namespaces.o
  CC      fs/proc/self.o
  CC      fs/proc/thread_self.o
  CC      fs/proc/proc_sysctl.o
  CC      fs/proc/proc_net.o
  CC      fs/proc/kmsg.o
  CC      fs/proc/page.o
  LD      fs/proc/proc.o
  LD      fs/proc/built-in.o
  CC      fs/quota/dquot.o
  CC      fs/quota/quota.o
  CC      fs/quota/kqid.o
  LD      fs/quota/built-in.o
  CC      fs/ramfs/inode.o
  CC      fs/ramfs/file-mmu.o
  LD      fs/ramfs/ramfs.o
  LD      fs/ramfs/built-in.o
  LD      fs/reiserfs/built-in.o
  LD      fs/squashfs/built-in.o
  CC      fs/sysfs/file.o
  CC      fs/sysfs/dir.o
  CC      fs/sysfs/symlink.o
  CC      fs/sysfs/mount.o
  CC      fs/sysfs/group.o
  LD      fs/sysfs/built-in.o
  CC      fs/tracefs/inode.o
  LD      fs/tracefs/tracefs.o
  LD      fs/tracefs/built-in.o
  LD      fs/ubifs/built-in.o
  LD      fs/udf/built-in.o
  LD      fs/xfs/built-in.o
  CC      fs/eventpoll.o
  CC      fs/anon_inodes.o
  CC      fs/signalfd.o
  CC      fs/timerfd.o
  CC      fs/eventfd.o
  CC      fs/aio.o
  CC      fs/locks.o
  CC      fs/binfmt_script.o
  CC      fs/binfmt_elf.o
  CC      fs/mbcache.o
  CC      fs/posix_acl.o
  CC      fs/coredump.o
  CC      fs/drop_caches.o
  CC      fs/fhandle.o
  CC      fs/iomap.o
  CC      fs/dcookies.o
  LD      fs/built-in.o
  CC      ipc/util.o
  CC      ipc/msgutil.o
  CC      ipc/msg.o
  CC      ipc/sem.o
  CC      ipc/shm.o
  CC      ipc/syscall.o
  CC      ipc/ipc_sysctl.o
  CC      ipc/mqueue.o
  CC      ipc/namespace.o
  CC      ipc/mq_sysctl.o
  LD      ipc/built-in.o
  CC      security/keys/gc.o
  CC      security/keys/key.o
  CC      security/keys/keyring.o
  CC      security/keys/keyctl.o
  CC      security/keys/permission.o
  CC      security/keys/process_keys.o
  CC      security/keys/request_key.o
  CC      security/keys/request_key_auth.o
  CC      security/keys/user_defined.o
  CC      security/keys/proc.o
  CC      security/keys/sysctl.o
  LD      security/keys/built-in.o
  CC      security/commoncap.o
  CC      security/min_addr.o
  CC      security/device_cgroup.o
  LD      security/built-in.o
  CC      crypto/api.o
  CC      crypto/cipher.o
  CC      crypto/compress.o
  CC      crypto/memneq.o
  LD      crypto/crypto.o
  CC      crypto/crypto_wq.o
  CC      crypto/algapi.o
  CC      crypto/scatterwalk.o
  CC      crypto/proc.o
  LD      crypto/crypto_algapi.o
  CC      crypto/aead.o
  CC      crypto/ablkcipher.o
  CC      crypto/blkcipher.o
  CC      crypto/skcipher.o
  LD      crypto/crypto_blkcipher.o
  CC      crypto/ahash.o
  CC      crypto/shash.o
  LD      crypto/crypto_hash.o
  CC      crypto/akcipher.o
  CC      crypto/kpp.o
  CC      crypto/algboss.o
  CC      crypto/testmgr.o
  LD      crypto/cryptomgr.o
  CC      crypto/crypto_null.o
  CC      crypto/cbc.o
  CC      crypto/des_generic.o
  CC      crypto/aes_generic.o
  CC      crypto/crc32c_generic.o
  CC      crypto/crc32_generic.o
  CC      crypto/rng.o
  LD      crypto/built-in.o
  LD      crypto/async_tx/built-in.o
  CC      block/bio.o
  CC      block/elevator.o
  CC      block/blk-core.o
  CC      block/blk-tag.o
  CC      block/blk-sysfs.o
  CC      block/blk-flush.o
  CC      block/blk-settings.o
  CC      block/blk-ioc.o
  CC      block/blk-map.o
  CC      block/blk-exec.o
  CC      block/blk-merge.o
  CC      block/blk-softirq.o
  CC      block/blk-timeout.o
  CC      block/blk-lib.o
  CC      block/blk-mq.o
  CC      block/blk-mq-tag.o
  CC      block/blk-mq-sysfs.o
  CC      block/blk-mq-cpumap.o
  CC      block/ioctl.o
  CC      block/genhd.o
  CC      block/scsi_ioctl.o
  CC      block/partition-generic.o
  CC      block/ioprio.o
  CC      block/badblocks.o
  CC      block/partitions/check.o
  CC      block/partitions/mac.o
  CC      block/partitions/msdos.o
  CC      block/partitions/efi.o
  LD      block/partitions/built-in.o
  CC      block/bsg.o
  CC      block/bsg-lib.o
  CC      block/blk-cgroup.o
  CC      block/blk-throttle.o
  CC      block/noop-iosched.o
  CC      block/deadline-iosched.o
  CC      block/cfq-iosched.o
  LD      block/built-in.o
  CC      drivers/amba/bus.o
  LD      drivers/amba/built-in.o
  LD      drivers/atm/built-in.o
  LD      drivers/auxdisplay/built-in.o
  CC      drivers/base/component.o
  CC      drivers/base/core.o
  CC      drivers/base/bus.o
  CC      drivers/base/dd.o
  CC      drivers/base/syscore.o
  CC      drivers/base/driver.o
  CC      drivers/base/class.o
  CC      drivers/base/platform.o
  CC      drivers/base/cpu.o
  CC      drivers/base/firmware.o
  CC      drivers/base/init.o
  CC      drivers/base/map.o
  CC      drivers/base/devres.o
  CC      drivers/base/attribute_container.o
  CC      drivers/base/transport_class.o
  CC      drivers/base/topology.o
  CC      drivers/base/container.o
  CC      drivers/base/property.o
  CC      drivers/base/cacheinfo.o
  CC      drivers/base/devtmpfs.o
  CC      drivers/base/dma-contiguous.o
  CC      drivers/base/power/sysfs.o
  CC      drivers/base/power/generic_ops.o
  CC      drivers/base/power/common.o
  CC      drivers/base/power/qos.o
  CC      drivers/base/power/runtime.o
  CC      drivers/base/power/wakeirq.o
  CC      drivers/base/power/domain.o
  CC      drivers/base/power/domain_governor.o
  CC      drivers/base/power/clock_ops.o
  LD      drivers/base/power/built-in.o
  CC      drivers/base/regmap/regmap.o
  CC      drivers/base/regmap/regcache.o
  CC      drivers/base/regmap/regcache-rbtree.o
  CC      drivers/base/regmap/regcache-lzo.o
  CC      drivers/base/regmap/regcache-flat.o
  CC      drivers/base/regmap/regmap-debugfs.o
  CC      drivers/base/regmap/regmap-i2c.o
  CC      drivers/base/regmap/regmap-spi.o
  CC      drivers/base/regmap/regmap-mmio.o
  CC      drivers/base/regmap/regmap-irq.o
  LD      drivers/base/regmap/built-in.o
  CC      drivers/base/dma-mapping.o
  CC      drivers/base/dma-coherent.o
  CC      drivers/base/firmware_class.o
  CC      drivers/base/module.o
  CC      drivers/base/pinctrl.o
  CC      drivers/base/devcoredump.o
  LD      drivers/base/built-in.o
  LD      drivers/bcma/built-in.o
  CC      drivers/block/brd.o
  CC      drivers/block/loop.o
  LD      drivers/block/built-in.o
  LD      drivers/block/drbd/built-in.o
  LD      drivers/block/zram/built-in.o
  LD      drivers/block/aoe/built-in.o
  LD      drivers/bluetooth/built-in.o
  LD      drivers/bus/built-in.o
  LD      drivers/cdrom/built-in.o
  CC      drivers/char/mem.o
  CC      drivers/char/random.o
  CC      drivers/char/ttyprintk.o
  CC      drivers/char/misc.o
  CC      drivers/char/raw.o
  LD      drivers/char/agp/built-in.o
  CC      drivers/char/broadcom/vc_cma/vc_cma.o
  LD      drivers/char/broadcom/vc_cma/vc-cma.o
  LD      drivers/char/broadcom/vc_cma/built-in.o
  CC      drivers/char/broadcom/vc_sm/vmcs_sm.o
  CC      drivers/char/broadcom/vc_sm/vc_vchi_sm.o
  LD      drivers/char/broadcom/vc_sm/vc-sm.o
  LD      drivers/char/broadcom/vc_sm/built-in.o
  CC      drivers/char/broadcom/vc_mem.o
  CC      drivers/char/broadcom/vcio.o
  LD      drivers/char/broadcom/built-in.o
  CC      drivers/char/hw_random/core.o
  LD      drivers/char/hw_random/rng-core.o
  CC      drivers/char/hw_random/bcm2835-rng.o
  LD      drivers/char/hw_random/built-in.o
  LD      drivers/char/built-in.o
  LD      drivers/char/ipmi/built-in.o
  CC      drivers/clk/clk-devres.o
  CC      drivers/clk/clkdev.o
  CC      drivers/clk/clk.o
  CC      drivers/clk/clk-divider.o
  CC      drivers/clk/clk-fixed-factor.o
  CC      drivers/clk/clk-fixed-rate.o
  CC      drivers/clk/clk-gate.o
  CC      drivers/clk/clk-multiplier.o
  CC      drivers/clk/clk-mux.o
  CC      drivers/clk/clk-composite.o
  CC      drivers/clk/clk-fractional-divider.o
  CC      drivers/clk/clk-gpio.o
  CC      drivers/clk/clk-conf.o
  CC      drivers/clk/bcm/clk-bcm2835.o
  CC      drivers/clk/bcm/clk-bcm2835-aux.o
  LD      drivers/clk/bcm/built-in.o
  LD      drivers/clk/mvebu/built-in.o
  LD      drivers/clk/ti/built-in.o
  LD      drivers/clk/built-in.o
  CC      drivers/clocksource/clksrc-probe.o
  CC      drivers/clocksource/mmio.o
  CC      drivers/clocksource/bcm2835_timer.o
  CC      drivers/clocksource/arm_arch_timer.o
  CC      drivers/clocksource/timer-sp804.o
  CC      drivers/clocksource/dummy_timer.o
  LD      drivers/clocksource/built-in.o
  LD      drivers/connector/built-in.o
  CC      drivers/cpufreq/cpufreq.o
  CC      drivers/cpufreq/freq_table.o
  CC      drivers/cpufreq/cpufreq_stats.o
  CC      drivers/cpufreq/cpufreq_performance.o
  CC      drivers/cpufreq/cpufreq_powersave.o
  CC      drivers/cpufreq/cpufreq_userspace.o
  CC      drivers/cpufreq/cpufreq_ondemand.o
  CC      drivers/cpufreq/cpufreq_conservative.o
  CC      drivers/cpufreq/cpufreq_governor.o
  CC      drivers/cpufreq/cpufreq_governor_attr_set.o
  CC      drivers/cpufreq/bcm2835-cpufreq.o
  LD      drivers/cpufreq/built-in.o
  LD      drivers/crypto/built-in.o
  CC      drivers/dma/dmaengine.o
  CC      drivers/dma/virt-dma.o
  CC      drivers/dma/of-dma.o
  CC      drivers/dma/bcm2708-dmaengine.o
  CC      drivers/dma/bcm2835-dma.o
  LD      drivers/dma/qcom/built-in.o
  LD      drivers/dma/xilinx/built-in.o
  LD      drivers/dma/built-in.o
  CC      drivers/dma-buf/dma-buf.o
  CC      drivers/dma-buf/fence.o
  CC      drivers/dma-buf/reservation.o
  CC      drivers/dma-buf/seqno-fence.o
  CC      drivers/dma-buf/fence-array.o
  LD      drivers/dma-buf/built-in.o
  LD      drivers/extcon/built-in.o
  LD      drivers/firewire/built-in.o
  CC      drivers/firmware/raspberrypi.o
  LD      drivers/firmware/broadcom/built-in.o
  LD      drivers/firmware/meson/built-in.o
  LD      drivers/firmware/built-in.o
  CC      drivers/gpio/devres.o
  CC      drivers/gpio/gpiolib.o
  CC      drivers/gpio/gpiolib-legacy.o
  CC      drivers/gpio/gpiolib-of.o
  CC      drivers/gpio/gpiolib-sysfs.o
  CC      drivers/gpio/gpio-bcm-exp.o
  CC      drivers/gpio/gpio-bcm-virt.o
  CC      drivers/gpio/gpio-stmpe.o
  LD      drivers/gpio/built-in.o
  CC      drivers/gpu/drm/drm_mipi_dsi.o
  LD      drivers/gpu/drm/bridge/built-in.o
  LD      drivers/gpu/drm/hisilicon/built-in.o
  LD      drivers/gpu/drm/i2c/built-in.o
  LD      drivers/gpu/drm/omapdrm/displays/built-in.o
  LD      drivers/gpu/drm/omapdrm/dss/built-in.o
  LD      drivers/gpu/drm/omapdrm/built-in.o
  LD      drivers/gpu/drm/panel/built-in.o
  LD      drivers/gpu/drm/tilcdc/built-in.o
  LD      drivers/gpu/drm/udl/built-in.o
  LD      drivers/gpu/drm/vc4/built-in.o
  LD      drivers/gpu/drm/built-in.o
  LD      drivers/gpu/vga/built-in.o
  LD      drivers/gpu/built-in.o
  CC      drivers/hid/hid-core.o
  CC      drivers/hid/hid-input.o
  CC      drivers/hid/hid-debug.o
  CC      drivers/hid/hidraw.o
  LD      drivers/hid/hid.o
  CC      drivers/hid/hid-generic.o
  CC      drivers/hid/usbhid/hid-core.o
  CC      drivers/hid/usbhid/hid-quirks.o
  CC      drivers/hid/usbhid/hiddev.o
  CC      drivers/hid/usbhid/hid-pidff.o
  LD      drivers/hid/usbhid/usbhid.o
  LD      drivers/hid/usbhid/built-in.o
  LD      drivers/hid/built-in.o
  LD      drivers/hwmon/built-in.o
  LD      drivers/hwtracing/intel_th/built-in.o
  CC      drivers/i2c/i2c-boardinfo.o
  CC      drivers/i2c/i2c-core.o
  LD      drivers/i2c/algos/built-in.o
  LD      drivers/i2c/busses/built-in.o
  LD      drivers/i2c/muxes/built-in.o
  LD      drivers/i2c/built-in.o
  LD      drivers/idle/built-in.o
  LD      drivers/iio/accel/built-in.o
  LD      drivers/iio/adc/built-in.o
  LD      drivers/iio/amplifiers/built-in.o
  LD      drivers/iio/buffer/built-in.o
  LD      drivers/iio/chemical/built-in.o
  LD      drivers/iio/common/hid-sensors/built-in.o
  LD      drivers/iio/common/ms_sensors/built-in.o
  LD      drivers/iio/common/ssp_sensors/built-in.o
  LD      drivers/iio/common/st_sensors/built-in.o
  LD      drivers/iio/common/built-in.o
  LD      drivers/iio/dac/built-in.o
  LD      drivers/iio/dummy/built-in.o
  LD      drivers/iio/frequency/built-in.o
  LD      drivers/iio/gyro/built-in.o
  LD      drivers/iio/health/built-in.o
  LD      drivers/iio/humidity/built-in.o
  LD      drivers/iio/imu/bmi160/built-in.o
  LD      drivers/iio/imu/inv_mpu6050/built-in.o
  LD      drivers/iio/imu/built-in.o
  LD      drivers/iio/light/built-in.o
  LD      drivers/iio/magnetometer/built-in.o
  LD      drivers/iio/orientation/built-in.o
  LD      drivers/iio/potentiometer/built-in.o
  LD      drivers/iio/pressure/built-in.o
  LD      drivers/iio/proximity/built-in.o
  LD      drivers/iio/temperature/built-in.o
  LD      drivers/iio/trigger/built-in.o
  LD      drivers/iio/built-in.o
  CC      drivers/input/input.o
  CC      drivers/input/input-compat.o
  CC      drivers/input/input-mt.o
  CC      drivers/input/ff-core.o
  LD      drivers/input/input-core.o
  CC      drivers/input/input-leds.o
  CC      drivers/input/mousedev.o
  LD      drivers/input/joystick/built-in.o
  LD      drivers/input/joystick/iforce/built-in.o
  LD      drivers/input/keyboard/built-in.o
  LD      drivers/input/misc/built-in.o
  CC      drivers/input/touchscreen/of_touchscreen.o
  LD      drivers/input/touchscreen/built-in.o
  LD      drivers/input/built-in.o
  LD      drivers/input/gameport/built-in.o
  LD      drivers/input/serio/built-in.o
  CC      drivers/irqchip/irqchip.o
  CC      drivers/irqchip/irq-bcm2835.o
  CC      drivers/irqchip/irq-bcm2836.o
  LD      drivers/irqchip/built-in.o
  CC      drivers/leds/led-core.o
  CC      drivers/leds/led-class.o
  CC      drivers/leds/led-triggers.o
  CC      drivers/leds/leds-gpio.o
  CC      drivers/leds/trigger/ledtrig-timer.o
  CC      drivers/leds/trigger/ledtrig-oneshot.o
  CC      drivers/leds/trigger/ledtrig-heartbeat.o
  CC      drivers/leds/trigger/ledtrig-backlight.o
  CC      drivers/leds/trigger/ledtrig-gpio.o
  CC      drivers/leds/trigger/ledtrig-cpu.o
  CC      drivers/leds/trigger/ledtrig-default-on.o
  CC      drivers/leds/trigger/ledtrig-input.o
  CC      drivers/leds/trigger/ledtrig-panic.o
  LD      drivers/leds/trigger/built-in.o
  LD      drivers/leds/built-in.o
  LD      drivers/lguest/built-in.o
  LD      drivers/macintosh/built-in.o
  CC      drivers/mailbox/mailbox.o
  CC      drivers/mailbox/bcm2835-mailbox.o
  LD      drivers/mailbox/built-in.o
  CC      drivers/md/dm-builtin.o
  LD      drivers/md/built-in.o
  LD      drivers/md/persistent-data/built-in.o
  LD      drivers/media/common/b2c2/built-in.o
  LD      drivers/media/common/saa7146/built-in.o
  LD      drivers/media/common/siano/built-in.o
  LD      drivers/media/common/v4l2-tpg/built-in.o
  LD      drivers/media/common/built-in.o
  LD      drivers/media/dvb-core/built-in.o
  LD      drivers/media/dvb-frontends/built-in.o
  LD      drivers/media/dvb-frontends/drx39xyj/built-in.o
  LD      drivers/media/firewire/built-in.o
  LD      drivers/media/i2c/cx25840/built-in.o
  LD      drivers/media/i2c/soc_camera/built-in.o
  LD      drivers/media/i2c/built-in.o
  LD      drivers/media/mmc/siano/built-in.o
  LD      drivers/media/mmc/built-in.o
  LD      drivers/media/pci/b2c2/built-in.o
  LD      drivers/media/pci/ddbridge/built-in.o
  LD      drivers/media/pci/dm1105/built-in.o
  LD      drivers/media/pci/mantis/built-in.o
  LD      drivers/media/pci/netup_unidvb/built-in.o
  LD      drivers/media/pci/ngene/built-in.o
  LD      drivers/media/pci/pluto2/built-in.o
  LD      drivers/media/pci/pt1/built-in.o
  LD      drivers/media/pci/pt3/built-in.o
  LD      drivers/media/pci/saa7146/built-in.o
  LD      drivers/media/pci/smipcie/built-in.o
  LD      drivers/media/pci/ttpci/built-in.o
  LD      drivers/media/pci/built-in.o
  LD      drivers/media/platform/bcm2835/built-in.o
  LD      drivers/media/platform/omap/built-in.o
  LD      drivers/media/platform/built-in.o
  LD      drivers/media/radio/si470x/built-in.o
  LD      drivers/media/radio/si4713/built-in.o
  LD      drivers/media/radio/wl128x/built-in.o
  LD      drivers/media/radio/built-in.o
  LD      drivers/media/rc/keymaps/built-in.o
  LD      drivers/media/rc/built-in.o
  LD      drivers/media/spi/built-in.o
  LD      drivers/media/tuners/built-in.o
  LD      drivers/media/usb/as102/built-in.o
  LD      drivers/media/usb/au0828/built-in.o
  LD      drivers/media/usb/b2c2/built-in.o
  LD      drivers/media/usb/cpia2/built-in.o
  LD      drivers/media/usb/cx231xx/built-in.o
  LD      drivers/media/usb/dvb-usb/built-in.o
  LD      drivers/media/usb/dvb-usb-v2/built-in.o
  LD      drivers/media/usb/em28xx/built-in.o
  LD      drivers/media/usb/go7007/built-in.o
  LD      drivers/media/usb/gspca/built-in.o
  LD      drivers/media/usb/gspca/gl860/built-in.o
  LD      drivers/media/usb/gspca/m5602/built-in.o
  LD      drivers/media/usb/gspca/stv06xx/built-in.o
  LD      drivers/media/usb/hdpvr/built-in.o
  LD      drivers/media/usb/pvrusb2/built-in.o
  LD      drivers/media/usb/pwc/built-in.o
  LD      drivers/media/usb/s2255/built-in.o
  LD      drivers/media/usb/siano/built-in.o
  LD      drivers/media/usb/stk1160/built-in.o
  LD      drivers/media/usb/stkwebcam/built-in.o
  LD      drivers/media/usb/tm6000/built-in.o
  LD      drivers/media/usb/ttusb-budget/built-in.o
  LD      drivers/media/usb/ttusb-dec/built-in.o
  LD      drivers/media/usb/usbtv/built-in.o
  LD      drivers/media/usb/usbvision/built-in.o
  LD      drivers/media/usb/uvc/built-in.o
  LD      drivers/media/usb/zr364xx/built-in.o
  LD      drivers/media/usb/built-in.o
  LD      drivers/media/v4l2-core/built-in.o
  LD      drivers/media/built-in.o
  CC      drivers/mfd/stmpe.o
  CC      drivers/mfd/stmpe-i2c.o
  CC      drivers/mfd/stmpe-spi.o
  CC      drivers/mfd/arizona-core.o
  CC      drivers/mfd/arizona-irq.o
  CC      drivers/mfd/wm5102-tables.o
  CC      drivers/mfd/mfd-core.o
  CC      drivers/mfd/syscon.o
  LD      drivers/mfd/built-in.o
  LD      drivers/misc/cb710/built-in.o
  LD      drivers/misc/eeprom/built-in.o
  LD      drivers/misc/lis3lv02d/built-in.o
  LD      drivers/misc/mic/bus/built-in.o
  LD      drivers/misc/mic/built-in.o
  LD      drivers/misc/ti-st/built-in.o
  LD      drivers/misc/built-in.o
  CC      drivers/mmc/card/block.o
  CC      drivers/mmc/card/queue.o
  LD      drivers/mmc/card/mmc_block.o
  LD      drivers/mmc/card/built-in.o
  CC      drivers/mmc/core/core.o
  CC      drivers/mmc/core/bus.o
  CC      drivers/mmc/core/host.o
  CC      drivers/mmc/core/mmc.o
  CC      drivers/mmc/core/mmc_ops.o
  CC      drivers/mmc/core/sd.o
  CC      drivers/mmc/core/sd_ops.o
  CC      drivers/mmc/core/sdio.o
  CC      drivers/mmc/core/sdio_ops.o
  CC      drivers/mmc/core/sdio_bus.o
  CC      drivers/mmc/core/sdio_cis.o
  CC      drivers/mmc/core/sdio_io.o
  CC      drivers/mmc/core/sdio_irq.o
  CC      drivers/mmc/core/quirks.o
  CC      drivers/mmc/core/slot-gpio.o
  CC      drivers/mmc/core/pwrseq.o
  CC      drivers/mmc/core/debugfs.o
  LD      drivers/mmc/core/mmc_core.o
  CC      drivers/mmc/core/pwrseq_simple.o
  CC      drivers/mmc/core/pwrseq_emmc.o
  LD      drivers/mmc/core/built-in.o
  CC      drivers/mmc/host/sdhci.o
  CC      drivers/mmc/host/bcm2835-sdhost.o
  CC      drivers/mmc/host/bcm2835-mmc.o
  CC      drivers/mmc/host/sdhci-pltfm.o
  LD      drivers/mmc/host/built-in.o
  LD      drivers/mmc/built-in.o
  LD      drivers/mtd/chips/built-in.o
  LD      drivers/mtd/devices/built-in.o
  LD      drivers/mtd/lpddr/built-in.o
  LD      drivers/mtd/maps/built-in.o
  LD      drivers/mtd/nand/built-in.o
  LD      drivers/mtd/onenand/built-in.o
  LD      drivers/mtd/spi-nor/built-in.o
  LD      drivers/mtd/tests/built-in.o
  LD      drivers/mtd/ubi/built-in.o
  LD      drivers/mtd/built-in.o
  CC      drivers/net/mii.o
  CC      drivers/net/Space.o
  CC      drivers/net/loopback.o
  LD      drivers/net/bonding/built-in.o
  LD      drivers/net/can/rcar/built-in.o
  LD      drivers/net/can/softing/built-in.o
  LD      drivers/net/can/spi/built-in.o
  LD      drivers/net/can/usb/built-in.o
  LD      drivers/net/can/built-in.o
  LD      drivers/net/ethernet/8390/built-in.o
  LD      drivers/net/ethernet/amazon/built-in.o
  LD      drivers/net/ethernet/arc/built-in.o
  LD      drivers/net/ethernet/broadcom/built-in.o
  LD      drivers/net/ethernet/cadence/built-in.o
  LD      drivers/net/ethernet/cirrus/built-in.o
  LD      drivers/net/ethernet/ezchip/built-in.o
  LD      drivers/net/ethernet/faraday/built-in.o
  LD      drivers/net/ethernet/hisilicon/built-in.o
  LD      drivers/net/ethernet/i825xx/built-in.o
  LD      drivers/net/ethernet/intel/built-in.o
  LD      drivers/net/ethernet/marvell/built-in.o
  LD      drivers/net/ethernet/micrel/built-in.o
  LD      drivers/net/ethernet/microchip/built-in.o
  LD      drivers/net/ethernet/natsemi/built-in.o
  LD      drivers/net/ethernet/netronome/built-in.o
  LD      drivers/net/ethernet/qualcomm/emac/built-in.o
  LD      drivers/net/ethernet/qualcomm/built-in.o
  LD      drivers/net/ethernet/renesas/built-in.o
  LD      drivers/net/ethernet/rocker/built-in.o
  LD      drivers/net/ethernet/samsung/built-in.o
  LD      drivers/net/ethernet/seeq/built-in.o
  LD      drivers/net/ethernet/smsc/built-in.o
  LD      drivers/net/ethernet/stmicro/built-in.o
  LD      drivers/net/ethernet/synopsys/built-in.o
  LD      drivers/net/ethernet/via/built-in.o
  LD      drivers/net/ethernet/wiznet/built-in.o
  LD      drivers/net/ethernet/built-in.o
  LD      drivers/net/hamradio/built-in.o
  LD      drivers/net/ieee802154/built-in.o
  LD      drivers/net/irda/built-in.o
  LD      drivers/net/phy/built-in.o
  LD      drivers/net/ppp/built-in.o
  LD      drivers/net/slip/built-in.o
  CC      drivers/net/usb/smsc95xx.o
  CC      drivers/net/usb/usbnet.o
  LD      drivers/net/usb/built-in.o
  LD      drivers/net/wimax/built-in.o
  LD      drivers/net/wimax/i2400m/built-in.o
  LD      drivers/net/wireless/admtek/built-in.o
  LD      drivers/net/wireless/ath/built-in.o
  LD      drivers/net/wireless/ath/ar5523/built-in.o
  LD      drivers/net/wireless/ath/ath6kl/built-in.o
  LD      drivers/net/wireless/ath/ath9k/built-in.o
  LD      drivers/net/wireless/ath/carl9170/built-in.o
  LD      drivers/net/wireless/atmel/built-in.o
  LD      drivers/net/wireless/broadcom/built-in.o
  LD      drivers/net/wireless/broadcom/b43/built-in.o
  LD      drivers/net/wireless/broadcom/b43legacy/built-in.o
  LD      drivers/net/wireless/broadcom/brcm80211/built-in.o
  LD      drivers/net/wireless/broadcom/brcm80211/brcmfmac/built-in.o
  LD      drivers/net/wireless/broadcom/brcm80211/brcmutil/built-in.o
  LD      drivers/net/wireless/cisco/built-in.o
  LD      drivers/net/wireless/intel/built-in.o
  LD      drivers/net/wireless/intersil/built-in.o
  LD      drivers/net/wireless/intersil/hostap/built-in.o
  LD      drivers/net/wireless/intersil/p54/built-in.o
  LD      drivers/net/wireless/marvell/built-in.o
  LD      drivers/net/wireless/marvell/libertas/built-in.o
  LD      drivers/net/wireless/marvell/libertas_tf/built-in.o
  LD      drivers/net/wireless/marvell/mwifiex/built-in.o
  LD      drivers/net/wireless/mediatek/built-in.o
  LD      drivers/net/wireless/mediatek/mt7601u/built-in.o
  LD      drivers/net/wireless/ralink/built-in.o
  LD      drivers/net/wireless/ralink/rt2x00/built-in.o
  LD      drivers/net/wireless/realtek/built-in.o
  LD      drivers/net/wireless/realtek/rtl818x/built-in.o
  LD      drivers/net/wireless/realtek/rtl818x/rtl8187/built-in.o
  LD      drivers/net/wireless/realtek/rtl8192cu/built-in.o
  LD      drivers/net/wireless/realtek/rtl8xxxu/built-in.o
  LD      drivers/net/wireless/realtek/rtlwifi/built-in.o
  LD      drivers/net/wireless/realtek/rtlwifi/rtl8192c/built-in.o
  LD      drivers/net/wireless/realtek/rtlwifi/rtl8192cu/built-in.o
  LD      drivers/net/wireless/rsi/built-in.o
  LD      drivers/net/wireless/st/built-in.o
  LD      drivers/net/wireless/ti/built-in.o
  LD      drivers/net/wireless/zydas/built-in.o
  LD      drivers/net/wireless/zydas/zd1211rw/built-in.o
  LD      drivers/net/wireless/built-in.o
  LD      drivers/net/built-in.o
  LD      drivers/nfc/built-in.o
  LD      drivers/nvme/host/built-in.o
  LD      drivers/nvme/target/built-in.o
  LD      drivers/nvme/built-in.o
  LD      drivers/nvmem/built-in.o
  CC      drivers/of/base.o
  CC      drivers/of/device.o
  CC      drivers/of/platform.o
  CC      drivers/of/configfs.o
  CC      drivers/of/dynamic.o
  CC      drivers/of/fdt.o
  CC      drivers/of/fdt_address.o
  CC      drivers/of/address.o
  CC      drivers/of/irq.o
  CC      drivers/of/of_net.o
  CC      drivers/of/of_reserved_mem.o
  CC      drivers/of/resolver.o
  CC      drivers/of/overlay.o
  LD      drivers/of/built-in.o
  CC      drivers/perf/arm_pmu.o
  LD      drivers/perf/built-in.o
  CC      drivers/pinctrl/core.o
  CC      drivers/pinctrl/pinctrl-utils.o
  CC      drivers/pinctrl/pinmux.o
  CC      drivers/pinctrl/pinconf.o
  CC      drivers/pinctrl/devicetree.o
  CC      drivers/pinctrl/bcm/pinctrl-bcm2835.o
  LD      drivers/pinctrl/bcm/built-in.o
  LD      drivers/pinctrl/freescale/built-in.o
  LD      drivers/pinctrl/nomadik/built-in.o
  LD      drivers/pinctrl/built-in.o
  LD      drivers/platform/built-in.o
  CC      drivers/power/reset/gpio-poweroff.o
  LD      drivers/power/reset/built-in.o
  CC      drivers/power/supply/power_supply_core.o
  CC      drivers/power/supply/power_supply_sysfs.o
  CC      drivers/power/supply/power_supply_leds.o
  LD      drivers/power/supply/power_supply.o
  LD      drivers/power/supply/built-in.o
  LD      drivers/power/built-in.o
  LD      drivers/pps/clients/built-in.o
  LD      drivers/pps/generators/built-in.o
  LD      drivers/pps/built-in.o
  CC      drivers/pwm/core.o
  CC      drivers/pwm/sysfs.o
  LD      drivers/pwm/built-in.o
  CC      drivers/regulator/core.o
  CC      drivers/regulator/dummy.o
  CC      drivers/regulator/fixed-helper.o
  CC      drivers/regulator/helpers.o
  CC      drivers/regulator/devres.o
  CC      drivers/regulator/of_regulator.o
  LD      drivers/regulator/built-in.o
  CC      drivers/rtc/rtc-lib.o
  CC      drivers/rtc/systohc.o
  CC      drivers/rtc/class.o
  CC      drivers/rtc/interface.o
  CC      drivers/rtc/rtc-dev.o
  CC      drivers/rtc/rtc-proc.o
  CC      drivers/rtc/rtc-sysfs.o
  LD      drivers/rtc/rtc-core.o
  LD      drivers/rtc/built-in.o
  CC      drivers/scsi/scsi.o
  CC      drivers/scsi/hosts.o
  CC      drivers/scsi/scsi_ioctl.o
  CC      drivers/scsi/scsicam.o
  CC      drivers/scsi/scsi_error.o
  CC      drivers/scsi/scsi_lib.o
  CC      drivers/scsi/scsi_common.o
  CC      drivers/scsi/scsi_lib_dma.o
  CC      drivers/scsi/scsi_scan.o
  CC      drivers/scsi/scsi_sysfs.o
  CC      drivers/scsi/scsi_devinfo.o
  CC      drivers/scsi/scsi_sysctl.o
  CC      drivers/scsi/scsi_trace.o
  CC      drivers/scsi/scsi_logging.o
  CC      drivers/scsi/scsi_pm.o
  LD      drivers/scsi/scsi_mod.o
  CC      drivers/scsi/scsi_transport_iscsi.o
  LD      drivers/scsi/arm/built-in.o
  CC      drivers/scsi/sd.o
  LD      drivers/scsi/sd_mod.o
  LD      drivers/scsi/built-in.o
  CC      drivers/soc/bcm/raspberrypi-power.o
  LD      drivers/soc/bcm/built-in.o
  LD      drivers/soc/fsl/built-in.o
  LD      drivers/soc/built-in.o
  CC      drivers/spi/spi.o
  LD      drivers/spi/built-in.o
  LD      drivers/ssb/built-in.o
  LD      drivers/staging/fbtft/built-in.o
  LD      drivers/staging/iio/accel/built-in.o
  LD      drivers/staging/iio/adc/built-in.o
  LD      drivers/staging/iio/addac/built-in.o
  LD      drivers/staging/iio/cdc/built-in.o
  LD      drivers/staging/iio/frequency/built-in.o
  LD      drivers/staging/iio/gyro/built-in.o
  LD      drivers/staging/iio/impedance-analyzer/built-in.o
  LD      drivers/staging/iio/light/built-in.o
  LD      drivers/staging/iio/meter/built-in.o
  LD      drivers/staging/iio/resolver/built-in.o
  LD      drivers/staging/iio/trigger/built-in.o
  LD      drivers/staging/iio/built-in.o
  LD      drivers/staging/media/lirc/built-in.o
  LD      drivers/staging/media/built-in.o
  LD      drivers/staging/rtl8188eu/built-in.o
  LD      drivers/staging/rtl8712/built-in.o
  LD      drivers/staging/speakup/built-in.o
  CC      drivers/staging/vc04_services/interface/vchiq_arm/vchiq_core.o
  CC      drivers/staging/vc04_services/interface/vchiq_arm/vchiq_arm.o
  CC      drivers/staging/vc04_services/interface/vchiq_arm/vchiq_kern_lib.o
  CC      drivers/staging/vc04_services/interface/vchiq_arm/vchiq_2835_arm.o
  CC      drivers/staging/vc04_services/interface/vchiq_arm/vchiq_debugfs.o
  CC      drivers/staging/vc04_services/interface/vchiq_arm/vchiq_shim.o
  CC      drivers/staging/vc04_services/interface/vchiq_arm/vchiq_util.o
  CC      drivers/staging/vc04_services/interface/vchiq_arm/vchiq_connected.o
  LD      drivers/staging/vc04_services/vchiq.o
  LD      drivers/staging/vc04_services/built-in.o
  LD      drivers/staging/vt6656/built-in.o
  LD      drivers/staging/wlan-ng/built-in.o
  LD      drivers/staging/built-in.o
  CC      drivers/thermal/thermal_core.o
  CC      drivers/thermal/of-thermal.o
  CC      drivers/thermal/step_wise.o
  LD      drivers/thermal/thermal_sys.o
  LD      drivers/thermal/samsung/built-in.o
  CC      drivers/thermal/bcm2835-thermal.o
  LD      drivers/thermal/built-in.o
  CC      drivers/tty/tty_io.o
  CC      drivers/tty/n_tty.o
  CC      drivers/tty/tty_ioctl.o
  CC      drivers/tty/tty_ldisc.o
  CC      drivers/tty/tty_buffer.o
  CC      drivers/tty/tty_port.o
  CC      drivers/tty/tty_mutex.o
  CC      drivers/tty/tty_ldsem.o
  CC      drivers/tty/pty.o
  CC      drivers/tty/sysrq.o
  LD      drivers/tty/ipwireless/built-in.o
  CC      drivers/tty/serial/serial_core.o
  CC      drivers/tty/serial/earlycon.o
  CC      drivers/tty/serial/8250/8250_core.o
  LD      drivers/tty/serial/8250/8250.o
  CC      drivers/tty/serial/8250/8250_port.o
  LD      drivers/tty/serial/8250/8250_base.o
  CC      drivers/tty/serial/8250/8250_bcm2835aux.o
  CC      drivers/tty/serial/8250/8250_early.o
  CC      drivers/tty/serial/8250/8250_fsl.o
  CC      drivers/tty/serial/8250/8250_of.o
  LD      drivers/tty/serial/8250/built-in.o
  CC      drivers/tty/serial/amba-pl011.o
  CC      drivers/tty/serial/kgdboc.o
  LD      drivers/tty/serial/built-in.o
  CC      drivers/tty/vt/vt_ioctl.o
  CC      drivers/tty/vt/vc_screen.o
  CC      drivers/tty/vt/selection.o
  CC      drivers/tty/vt/keyboard.o
  CC      drivers/tty/vt/consolemap.o
  CONMK   drivers/tty/vt/consolemap_deftbl.c
  CC      drivers/tty/vt/consolemap_deftbl.o
  CC      drivers/tty/vt/vt.o
  SHIPPED drivers/tty/vt/defkeymap.c
  CC      drivers/tty/vt/defkeymap.o
  LD      drivers/tty/vt/built-in.o
  LD      drivers/tty/built-in.o
  LD      drivers/uio/built-in.o
  LD      drivers/usb/atm/built-in.o
  LD      drivers/usb/class/built-in.o
  CC      drivers/usb/common/common.o
  LD      drivers/usb/common/usb-common.o
  LD      drivers/usb/common/built-in.o
  CC      drivers/usb/core/usb.o
  CC      drivers/usb/core/hub.o
  CC      drivers/usb/core/hcd.o
  CC      drivers/usb/core/urb.o
  CC      drivers/usb/core/message.o
  CC      drivers/usb/core/driver.o
  CC      drivers/usb/core/config.o
  CC      drivers/usb/core/file.o
  CC      drivers/usb/core/buffer.o
  CC      drivers/usb/core/sysfs.o
  CC      drivers/usb/core/endpoint.o
  CC      drivers/usb/core/devio.o
  CC      drivers/usb/core/notify.o
  CC      drivers/usb/core/generic.o
  CC      drivers/usb/core/quirks.o
  CC      drivers/usb/core/devices.o
  CC      drivers/usb/core/port.o
  CC      drivers/usb/core/of.o
  LD      drivers/usb/core/usbcore.o
  LD      drivers/usb/core/built-in.o
  CC      drivers/usb/host/dwc_common_port/dwc_cc.o
  CC      drivers/usb/host/dwc_common_port/dwc_modpow.o
  CC      drivers/usb/host/dwc_common_port/dwc_dh.o
  CC      drivers/usb/host/dwc_common_port/dwc_crypto.o
  CC      drivers/usb/host/dwc_common_port/dwc_notifier.o
  CC      drivers/usb/host/dwc_common_port/dwc_common_linux.o
  CC      drivers/usb/host/dwc_common_port/dwc_mem.o
  LD      drivers/usb/host/dwc_common_port/dwc_common_port_lib.o
  LD      drivers/usb/host/dwc_common_port/built-in.o
  CC      drivers/usb/host/dwc_otg/dwc_otg_driver.o
  CC      drivers/usb/host/dwc_otg/dwc_otg_attr.o
  CC      drivers/usb/host/dwc_otg/dwc_otg_cil.o
  CC      drivers/usb/host/dwc_otg/dwc_otg_cil_intr.o
  CC      drivers/usb/host/dwc_otg/dwc_otg_pcd_linux.o
  CC      drivers/usb/host/dwc_otg/dwc_otg_pcd.o
  CC      drivers/usb/host/dwc_otg/dwc_otg_pcd_intr.o
  CC      drivers/usb/host/dwc_otg/dwc_otg_hcd.o
  CC      drivers/usb/host/dwc_otg/dwc_otg_hcd_linux.o
  CC      drivers/usb/host/dwc_otg/dwc_otg_hcd_intr.o
  CC      drivers/usb/host/dwc_otg/dwc_otg_hcd_queue.o
  CC      drivers/usb/host/dwc_otg/dwc_otg_hcd_ddma.o
  CC      drivers/usb/host/dwc_otg/dwc_otg_adp.o
  CC      drivers/usb/host/dwc_otg/dwc_otg_fiq_fsm.o
  AS      drivers/usb/host/dwc_otg/dwc_otg_fiq_stub.o
  LD      drivers/usb/host/dwc_otg/dwc_otg.o
  LD      drivers/usb/host/dwc_otg/built-in.o
  LD      drivers/usb/host/built-in.o
  LD      drivers/usb/image/built-in.o
  LD      drivers/usb/misc/built-in.o
  LD      drivers/usb/mon/built-in.o
  CC      drivers/usb/phy/of.o
  LD      drivers/usb/phy/built-in.o
  LD      drivers/usb/serial/built-in.o
  CC      drivers/usb/storage/scsiglue.o
  CC      drivers/usb/storage/protocol.o
  CC      drivers/usb/storage/transport.o
  CC      drivers/usb/storage/usb.o
  CC      drivers/usb/storage/initializers.o
  CC      drivers/usb/storage/sierra_ms.o
  CC      drivers/usb/storage/option_ms.o
  CC      drivers/usb/storage/usual-tables.o
  LD      drivers/usb/storage/usb-storage.o
  LD      drivers/usb/storage/built-in.o
  LD      drivers/usb/usbip/built-in.o
  LD      drivers/usb/built-in.o
  CC      drivers/video/hdmi.o
  CC      drivers/video/backlight/backlight.o
  LD      drivers/video/backlight/built-in.o
  CC      drivers/video/console/dummycon.o
  CC      drivers/video/console/fbcon.o
  CC      drivers/video/console/bitblit.o
  CC      drivers/video/console/softcursor.o
  LD      drivers/video/console/built-in.o
  CC      drivers/video/fbdev/core/fb_cmdline.o
  CC      drivers/video/fbdev/core/fb_notify.o
  CC      drivers/video/fbdev/core/fbmem.o
  CC      drivers/video/fbdev/core/fbmon.o
  CC      drivers/video/fbdev/core/fbcmap.o
  CC      drivers/video/fbdev/core/fbsysfs.o
  CC      drivers/video/fbdev/core/modedb.o
  CC      drivers/video/fbdev/core/fbcvt.o
  CC      drivers/video/fbdev/core/fb_defio.o
  LD      drivers/video/fbdev/core/fb.o
  CC      drivers/video/fbdev/core/cfbfillrect.o
  CC      drivers/video/fbdev/core/cfbcopyarea.o
  CC      drivers/video/fbdev/core/cfbimgblt.o
  LD      drivers/video/fbdev/core/built-in.o
  LD      drivers/video/fbdev/omap2/omapfb/displays/built-in.o
  LD      drivers/video/fbdev/omap2/omapfb/dss/built-in.o
  LD      drivers/video/fbdev/omap2/omapfb/built-in.o
  LD      drivers/video/fbdev/omap2/built-in.o
  CC      drivers/video/fbdev/bcm2708_fb.o
  LD      drivers/video/fbdev/built-in.o
  CC      drivers/video/logo/logo.o
  LOGO    drivers/video/logo/logo_linux_clut224.c
  CC      drivers/video/logo/logo_linux_clut224.o
  LD      drivers/video/logo/built-in.o
  LOGO    drivers/video/logo/logo_superh_mono.c
  LOGO    drivers/video/logo/logo_linux_mono.c
  LOGO    drivers/video/logo/logo_superh_vga16.c
  LOGO    drivers/video/logo/clut_vga16.c
  LOGO    drivers/video/logo/logo_linux_vga16.c
  LOGO    drivers/video/logo/logo_blackfin_vga16.c
  LOGO    drivers/video/logo/logo_spe_clut224.c
  LOGO    drivers/video/logo/logo_mac_clut224.c
  LOGO    drivers/video/logo/logo_superh_clut224.c
  LOGO    drivers/video/logo/logo_sun_clut224.c
  LOGO    drivers/video/logo/logo_parisc_clut224.c
  LOGO    drivers/video/logo/logo_blackfin_clut224.c
  LOGO    drivers/video/logo/logo_dec_clut224.c
  LOGO    drivers/video/logo/logo_m32r_clut224.c
  LOGO    drivers/video/logo/logo_sgi_clut224.c
  CC      drivers/video/display_timing.o
  CC      drivers/video/videomode.o
  CC      drivers/video/of_display_timing.o
  CC      drivers/video/of_videomode.o
  LD      drivers/video/built-in.o
  LD      drivers/w1/masters/built-in.o
  LD      drivers/w1/slaves/built-in.o
  LD      drivers/w1/built-in.o
  CC      drivers/watchdog/watchdog_core.o
  CC      drivers/watchdog/watchdog_dev.o
  LD      drivers/watchdog/watchdog.o
  CC      drivers/watchdog/bcm2835_wdt.o
  LD      drivers/watchdog/built-in.o
  LD      drivers/built-in.o
  CC      sound/sound_core.o
  LD      sound/soundcore.o
  LD      sound/built-in.o
  LD      sound/arm/built-in.o
  LD      sound/atmel/built-in.o
  LD      sound/core/oss/built-in.o
  LD      sound/core/seq/built-in.o
  LD      sound/core/seq/oss/built-in.o
  LD      sound/core/built-in.o
  LD      sound/drivers/built-in.o
  LD      sound/drivers/mpu401/built-in.o
  LD      sound/drivers/opl3/built-in.o
  LD      sound/drivers/opl4/built-in.o
  LD      sound/drivers/pcsp/built-in.o
  LD      sound/drivers/vx/built-in.o
  LD      sound/firewire/built-in.o
  LD      sound/hda/built-in.o
  LD      sound/i2c/built-in.o
  LD      sound/i2c/other/built-in.o
  LD      sound/isa/built-in.o
  LD      sound/isa/ad1816a/built-in.o
  LD      sound/isa/ad1848/built-in.o
  LD      sound/isa/cs423x/built-in.o
  LD      sound/isa/es1688/built-in.o
  LD      sound/isa/galaxy/built-in.o
  LD      sound/isa/gus/built-in.o
  LD      sound/isa/msnd/built-in.o
  LD      sound/isa/opti9xx/built-in.o
  LD      sound/isa/sb/built-in.o
  LD      sound/isa/wavefront/built-in.o
  LD      sound/isa/wss/built-in.o
  LD      sound/mips/built-in.o
  LD      sound/oss/built-in.o
  LD      sound/parisc/built-in.o
  LD      sound/pci/built-in.o
  LD      sound/pci/ac97/built-in.o
  LD      sound/pci/ali5451/built-in.o
  LD      sound/pci/asihpi/built-in.o
  LD      sound/pci/au88x0/built-in.o
  LD      sound/pci/aw2/built-in.o
  LD      sound/pci/ca0106/built-in.o
  LD      sound/pci/cs46xx/built-in.o
  LD      sound/pci/cs5535audio/built-in.o
  LD      sound/pci/ctxfi/built-in.o
  LD      sound/pci/echoaudio/built-in.o
  LD      sound/pci/emu10k1/built-in.o
  LD      sound/pci/hda/built-in.o
  LD      sound/pci/ice1712/built-in.o
  LD      sound/pci/korg1212/built-in.o
  LD      sound/pci/lola/built-in.o
  LD      sound/pci/lx6464es/built-in.o
  LD      sound/pci/mixart/built-in.o
  LD      sound/pci/nm256/built-in.o
  LD      sound/pci/oxygen/built-in.o
  LD      sound/pci/pcxhr/built-in.o
  LD      sound/pci/riptide/built-in.o
  LD      sound/pci/rme9652/built-in.o
  LD      sound/pci/trident/built-in.o
  LD      sound/pci/vx222/built-in.o
  LD      sound/pci/ymfpci/built-in.o
  LD      sound/pcmcia/built-in.o
  LD      sound/pcmcia/pdaudiocf/built-in.o
  LD      sound/pcmcia/vx/built-in.o
  LD      sound/ppc/built-in.o
  LD      sound/sh/built-in.o
  LD      sound/soc/built-in.o
  LD      sound/soc/adi/built-in.o
  LD      sound/soc/amd/built-in.o
  LD      sound/soc/atmel/built-in.o
  LD      sound/soc/au1x/built-in.o
  LD      sound/soc/bcm/built-in.o
  LD      sound/soc/blackfin/built-in.o
  LD      sound/soc/cirrus/built-in.o
  LD      sound/soc/codecs/built-in.o
  LD      sound/soc/davinci/built-in.o
  LD      sound/soc/dwc/built-in.o
  LD      sound/soc/fsl/built-in.o
  LD      sound/soc/generic/built-in.o
  LD      sound/soc/img/built-in.o
  LD      sound/soc/intel/built-in.o
  LD      sound/soc/intel/boards/built-in.o
  LD      sound/soc/jz4740/built-in.o
  LD      sound/soc/kirkwood/built-in.o
  LD      sound/soc/mediatek/built-in.o
  LD      sound/soc/mxs/built-in.o
  LD      sound/soc/nuc900/built-in.o
  LD      sound/soc/omap/built-in.o
  LD      sound/soc/pxa/built-in.o
  LD      sound/soc/qcom/built-in.o
  LD      sound/soc/rockchip/built-in.o
  LD      sound/soc/samsung/built-in.o
  LD      sound/soc/sh/built-in.o
  LD      sound/soc/sirf/built-in.o
  LD      sound/soc/spear/built-in.o
  LD      sound/soc/sti/built-in.o
  LD      sound/soc/sunxi/built-in.o
  LD      sound/soc/tegra/built-in.o
  LD      sound/soc/txx9/built-in.o
  LD      sound/soc/ux500/built-in.o
  LD      sound/soc/xtensa/built-in.o
  LD      sound/soc/zte/built-in.o
  LD      sound/sparc/built-in.o
  LD      sound/spi/built-in.o
  LD      sound/synth/built-in.o
  LD      sound/synth/emux/built-in.o
  LD      sound/usb/built-in.o
  LD      sound/usb/6fire/built-in.o
  LD      sound/usb/bcd2000/built-in.o
  LD      sound/usb/caiaq/built-in.o
  LD      sound/usb/hiface/built-in.o
  LD      sound/usb/misc/built-in.o
  LD      sound/usb/usx2y/built-in.o
  LD      firmware/built-in.o
  LD      arch/arm/oprofile/built-in.o
  CC      net/socket.o
  LD      net/6lowpan/built-in.o
  LD      net/802/built-in.o
  CC      net/8021q/vlan_core.o
  LD      net/8021q/built-in.o
  LD      net/9p/built-in.o
  LD      net/appletalk/built-in.o
  LD      net/atm/built-in.o
  LD      net/ax25/built-in.o
  LD      net/batman-adv/built-in.o
  LD      net/bluetooth/built-in.o
  LD      net/bluetooth/bnep/built-in.o
  LD      net/bluetooth/hidp/built-in.o
  LD      net/bluetooth/rfcomm/built-in.o
  LD      net/bridge/netfilter/built-in.o
  LD      net/bridge/built-in.o
  LD      net/can/built-in.o
  CC      net/core/sock.o
  CC      net/core/request_sock.o
  CC      net/core/skbuff.o
  CC      net/core/datagram.o
  CC      net/core/stream.o
  CC      net/core/scm.o
  CC      net/core/gen_stats.o
  CC      net/core/gen_estimator.o
  CC      net/core/net_namespace.o
  CC      net/core/secure_seq.o
  CC      net/core/flow_dissector.o
  CC      net/core/sysctl_net_core.o
  CC      net/core/dev.o
  CC      net/core/ethtool.o
  CC      net/core/dev_addr_lists.o
  CC      net/core/dst.o
  CC      net/core/netevent.o
  CC      net/core/neighbour.o
  CC      net/core/rtnetlink.o
  CC      net/core/utils.o
  CC      net/core/link_watch.o
  CC      net/core/filter.o
  CC      net/core/sock_diag.o
  CC      net/core/dev_ioctl.o
  CC      net/core/tso.o
  CC      net/core/sock_reuseport.o
  CC      net/core/flow.o
  CC      net/core/net-sysfs.o
  CC      net/core/net-procfs.o
  CC      net/core/netpoll.o
  CC      net/core/fib_rules.o
  CC      net/core/net-traces.o
  CC      net/core/netclassid_cgroup.o
  CC      net/core/dst_cache.o
  LD      net/core/built-in.o
  CC      net/dns_resolver/dns_key.o
  CC      net/dns_resolver/dns_query.o
  LD      net/dns_resolver/dns_resolver.o
  LD      net/dns_resolver/built-in.o
  CC      net/ethernet/eth.o
  LD      net/ethernet/built-in.o
  LD      net/ieee802154/6lowpan/built-in.o
  LD      net/ieee802154/built-in.o
  CC      net/ipv4/route.o
  CC      net/ipv4/inetpeer.o
  CC      net/ipv4/protocol.o
  CC      net/ipv4/ip_input.o
  CC      net/ipv4/ip_fragment.o
  CC      net/ipv4/ip_forward.o
  CC      net/ipv4/ip_options.o
  CC      net/ipv4/ip_output.o
  CC      net/ipv4/ip_sockglue.o
  CC      net/ipv4/inet_hashtables.o
  CC      net/ipv4/inet_timewait_sock.o
  CC      net/ipv4/inet_connection_sock.o
  CC      net/ipv4/tcp.o
  CC      net/ipv4/tcp_input.o
  CC      net/ipv4/tcp_output.o
  CC      net/ipv4/tcp_timer.o
  CC      net/ipv4/tcp_ipv4.o
  CC      net/ipv4/tcp_minisocks.o
  CC      net/ipv4/tcp_cong.o
  CC      net/ipv4/tcp_metrics.o
  CC      net/ipv4/tcp_fastopen.o
  CC      net/ipv4/tcp_rate.o
  CC      net/ipv4/tcp_recovery.o
  CC      net/ipv4/tcp_offload.o
  CC      net/ipv4/datagram.o
  CC      net/ipv4/raw.o
  CC      net/ipv4/udp.o
  CC      net/ipv4/udplite.o
  CC      net/ipv4/udp_offload.o
  CC      net/ipv4/arp.o
  CC      net/ipv4/icmp.o
  CC      net/ipv4/devinet.o
  CC      net/ipv4/af_inet.o
  CC      net/ipv4/igmp.o
  CC      net/ipv4/fib_frontend.o
  CC      net/ipv4/fib_semantics.o
  CC      net/ipv4/fib_trie.o
  CC      net/ipv4/inet_fragment.o
  CC      net/ipv4/ping.o
  CC      net/ipv4/ip_tunnel_core.o
  CC      net/ipv4/gre_offload.o
  CC      net/ipv4/sysctl_net_ipv4.o
  CC      net/ipv4/proc.o
  CC      net/ipv4/fib_rules.o
  CC      net/ipv4/ipmr.o
  CC      net/ipv4/syncookies.o
  CC      net/ipv4/ipconfig.o
  CC      net/ipv4/netfilter.o
  LD      net/ipv4/netfilter/built-in.o
  CC      net/ipv4/tcp_cubic.o
  CC      net/ipv4/xfrm4_policy.o
  CC      net/ipv4/xfrm4_state.o
  CC      net/ipv4/xfrm4_input.o
  CC      net/ipv4/xfrm4_output.o
  CC      net/ipv4/xfrm4_protocol.o
  LD      net/ipv4/built-in.o
  LD      net/ipv6/netfilter/built-in.o
  CC      net/ipv6/addrconf_core.o
  CC      net/ipv6/exthdrs_core.o
  CC      net/ipv6/ip6_checksum.o
  CC      net/ipv6/ip6_icmp.o
  CC      net/ipv6/output_core.o
  CC      net/ipv6/protocol.o
  CC      net/ipv6/ip6_offload.o
  CC      net/ipv6/tcpv6_offload.o
  CC      net/ipv6/exthdrs_offload.o
  CC      net/ipv6/inet6_hashtables.o
  CC      net/ipv6/mcast_snoop.o
  LD      net/ipv6/built-in.o
  LD      net/irda/built-in.o
  LD      net/irda/ircomm/built-in.o
  LD      net/irda/irlan/built-in.o
  LD      net/irda/irnet/built-in.o
  LD      net/key/built-in.o
  LD      net/l2tp/built-in.o
  LD      net/llc/built-in.o
  LD      net/mac80211/built-in.o
  LD      net/mac802154/built-in.o
  LD      net/mpls/built-in.o
  CC      net/netfilter/core.o
  CC      net/netfilter/nf_log.o
  CC      net/netfilter/nf_queue.o
  CC      net/netfilter/nf_sockopt.o
  LD      net/netfilter/netfilter.o
  LD      net/netfilter/built-in.o
  LD      net/netfilter/ipset/built-in.o
  LD      net/netfilter/ipvs/built-in.o
  CC      net/netlink/af_netlink.o
  CC      net/netlink/genetlink.o
  LD      net/netlink/built-in.o
  LD      net/netrom/built-in.o
  LD      net/nfc/built-in.o
  LD      net/openvswitch/built-in.o
  CC      net/packet/af_packet.o
  LD      net/packet/built-in.o
  LD      net/rfkill/built-in.o
  LD      net/rose/built-in.o
  CC      net/sched/sch_generic.o
  CC      net/sched/sch_mq.o
  CC      net/sched/sch_api.o
  CC      net/sched/sch_blackhole.o
  CC      net/sched/cls_api.o
  CC      net/sched/act_api.o
  CC      net/sched/sch_fifo.o
  CC      net/sched/ematch.o
  LD      net/sched/built-in.o
  LD      net/sctp/built-in.o
  CC      net/sunrpc/clnt.o
  CC      net/sunrpc/xprt.o
  CC      net/sunrpc/socklib.o
  CC      net/sunrpc/xprtsock.o
  CC      net/sunrpc/sched.o
  CC      net/sunrpc/auth.o
  CC      net/sunrpc/auth_null.o
  CC      net/sunrpc/auth_unix.o
  CC      net/sunrpc/auth_generic.o
  CC      net/sunrpc/svc.o
  CC      net/sunrpc/svcsock.o
  CC      net/sunrpc/svcauth.o
  CC      net/sunrpc/svcauth_unix.o
  CC      net/sunrpc/addr.o
  CC      net/sunrpc/rpcb_clnt.o
  CC      net/sunrpc/timer.o
  CC      net/sunrpc/xdr.o
  CC      net/sunrpc/sunrpc_syms.o
  CC      net/sunrpc/cache.o
  CC      net/sunrpc/rpc_pipe.o
  CC      net/sunrpc/svc_xprt.o
  CC      net/sunrpc/xprtmultipath.o
  CC      net/sunrpc/stats.o
  CC      net/sunrpc/sysctl.o
  LD      net/sunrpc/sunrpc.o
  CC      net/sunrpc/auth_gss/auth_gss.o
  CC      net/sunrpc/auth_gss/gss_generic_token.o
  CC      net/sunrpc/auth_gss/gss_mech_switch.o
  CC      net/sunrpc/auth_gss/svcauth_gss.o
  CC      net/sunrpc/auth_gss/gss_rpc_upcall.o
  CC      net/sunrpc/auth_gss/gss_rpc_xdr.o
  LD      net/sunrpc/auth_gss/auth_rpcgss.o
  LD      net/sunrpc/auth_gss/built-in.o
  LD      net/sunrpc/built-in.o
  CC      net/unix/af_unix.o
  CC      net/unix/garbage.o
  CC      net/unix/sysctl_net_unix.o
  LD      net/unix/unix.o
  LD      net/unix/built-in.o
  LD      net/wimax/built-in.o
  CC      net/wireless/wext-core.o
  CC      net/wireless/wext-proc.o
  CC      net/wireless/wext-spy.o
  CC      net/wireless/wext-priv.o
  LD      net/wireless/built-in.o
  CC      net/xfrm/xfrm_policy.o
  CC      net/xfrm/xfrm_state.o
  CC      net/xfrm/xfrm_hash.o
  CC      net/xfrm/xfrm_input.o
  CC      net/xfrm/xfrm_output.o
  CC      net/xfrm/xfrm_sysctl.o
  CC      net/xfrm/xfrm_replay.o
  CC      net/xfrm/xfrm_algo.o
  CC      net/xfrm/xfrm_user.o
  LD      net/xfrm/built-in.o
  CC      net/sysctl_net.o
  LD      net/built-in.o
  CC      arch/arm/lib/uaccess_with_memcpy.o
  AS      arch/arm/lib/ashldi3.o
  AS      arch/arm/lib/ashrdi3.o
  AS      arch/arm/lib/backtrace.o
  AS      arch/arm/lib/bswapsdi2.o
  AS      arch/arm/lib/call_with_stack.o
  AS      arch/arm/lib/changebit.o
  AS      arch/arm/lib/clear_user.o
  AS      arch/arm/lib/clearbit.o
  AS      arch/arm/lib/copy_from_user.o
  AS      arch/arm/lib/copy_page.o
  AS      arch/arm/lib/copy_to_user.o
  AS      arch/arm/lib/csumipv6.o
  AS      arch/arm/lib/csumpartial.o
  AS      arch/arm/lib/csumpartialcopy.o
  AS      arch/arm/lib/csumpartialcopyuser.o
  AS      arch/arm/lib/delay-loop.o
  CC      arch/arm/lib/delay.o
  AS      arch/arm/lib/div64.o
  AS      arch/arm/lib/findbit.o
  AS      arch/arm/lib/getuser.o
  AS      arch/arm/lib/io-readsb.o
  AS      arch/arm/lib/io-readsl.o
  AS      arch/arm/lib/io-readsw-armv4.o
  AS      arch/arm/lib/io-writesb.o
  AS      arch/arm/lib/io-writesl.o
  AS      arch/arm/lib/io-writesw-armv4.o
  AS      arch/arm/lib/lib1funcs.o
  AS      arch/arm/lib/lshrdi3.o
  AS      arch/arm/lib/memchr.o
  AS      arch/arm/lib/memcpy.o
  AS      arch/arm/lib/memmove.o
  AS      arch/arm/lib/memset.o
  AS      arch/arm/lib/memzero.o
  AS      arch/arm/lib/muldi3.o
  AS      arch/arm/lib/putuser.o
  AS      arch/arm/lib/setbit.o
  AS      arch/arm/lib/strchr.o
  AS      arch/arm/lib/strrchr.o
  AS      arch/arm/lib/testchangebit.o
  AS      arch/arm/lib/testclearbit.o
  AS      arch/arm/lib/testsetbit.o
  AS      arch/arm/lib/ucmpdi2.o
  AR      arch/arm/lib/lib.a
  EXPORTS arch/arm/lib/lib-ksyms.o
  LD      arch/arm/lib/built-in.o
  CC      lib/lockref.o
  CC      lib/bcd.o
  CC      lib/div64.o
  CC      lib/sort.o
  CC      lib/parser.o
  CC      lib/halfmd4.o
  CC      lib/debug_locks.o
  CC      lib/random32.o
  CC      lib/bust_spinlocks.o
  CC      lib/kasprintf.o
  CC      lib/bitmap.o
  CC      lib/scatterlist.o
  CC      lib/gcd.o
  CC      lib/lcm.o
  CC      lib/list_sort.o
  CC      lib/uuid.o
  CC      lib/flex_array.o
  CC      lib/iov_iter.o
  CC      lib/clz_ctz.o
  CC      lib/bsearch.o
  CC      lib/find_bit.o
  CC      lib/llist.o
  CC      lib/memweight.o
  CC      lib/kfifo.o
  CC      lib/percpu-refcount.o
  CC      lib/percpu_ida.o
  CC      lib/rhashtable.o
  CC      lib/reciprocal_div.o
  CC      lib/once.o
  CC      lib/string_helpers.o
  CC      lib/hexdump.o
  CC      lib/kstrtox.o
  CC      lib/pci_iomap.o
  CC      lib/iomap_copy.o
  CC      lib/devres.o
  CC      lib/hweight.o
  CC      lib/assoc_array.o
  CC      lib/bitrev.o
  CC      lib/rational.o
  CC      lib/crc16.o
  CC      lib/crc-itu-t.o
  HOSTCC  lib/gen_crc32table
  GEN     lib/crc32table.h
  CC      lib/crc32.o
  CC      lib/libcrc32c.o
  CC      lib/genalloc.o
  CC      lib/fonts/fonts.o
  CC      lib/fonts/font_8x8.o
  CC      lib/fonts/font_8x16.o
  LD      lib/fonts/font.o
  LD      lib/fonts/built-in.o
  CC      lib/lz4/lz4_decompress.o
  LD      lib/lz4/built-in.o
  CC      lib/lzo/lzo1x_compress.o
  LD      lib/lzo/lzo_compress.o
  CC      lib/lzo/lzo1x_decompress_safe.o
  LD      lib/lzo/lzo_decompress.o
  LD      lib/lzo/built-in.o
  LD      lib/raid6/built-in.o
  CC      lib/xz/xz_dec_syms.o
  CC      lib/xz/xz_dec_stream.o
  CC      lib/xz/xz_dec_lzma2.o
  CC      lib/xz/xz_dec_bcj.o
  LD      lib/xz/xz_dec.o
  LD      lib/xz/built-in.o
  LD      lib/zlib_deflate/built-in.o
  CC      lib/zlib_inflate/inffast.o
  CC      lib/zlib_inflate/inflate.o
  CC      lib/zlib_inflate/infutil.o
  CC      lib/zlib_inflate/inftrees.o
  CC      lib/zlib_inflate/inflate_syms.o
  LD      lib/zlib_inflate/zlib_inflate.o
  LD      lib/zlib_inflate/built-in.o
  CC      lib/textsearch.o
  CC      lib/percpu_counter.o
  CC      lib/swiotlb.o
  CC      lib/iommu-helper.o
  CC      lib/iommu-common.o
  CC      lib/syscall.o
  CC      lib/nlattr.o
  CC      lib/cpu_rmap.o
  CC      lib/dynamic_queue_limits.o
  CC      lib/strncpy_from_user.o
  CC      lib/strnlen_user.o
  CC      lib/net_utils.o
  CC      lib/sg_pool.o
  GEN     lib/oid_registry_data.c
  CC      lib/oid_registry.o
  CC      lib/sbitmap.o
  CC      lib/argv_split.o
  CC      lib/bug.o
  CC      lib/chacha20.o
  CC      lib/cmdline.o
  CC      lib/cpumask.o
  CC      lib/ctype.o
  CC      lib/dec_and_lock.o
  CC      lib/decompress.o
  CC      lib/decompress_bunzip2.o
  CC      lib/decompress_inflate.o
  CC      lib/decompress_unlz4.o
  CC      lib/decompress_unlzma.o
  CC      lib/decompress_unlzo.o
  CC      lib/decompress_unxz.o
  CC      lib/dma-noop.o
  CC      lib/dump_stack.o
  CC      lib/earlycpio.o
  CC      lib/extable.o
  CC      lib/fdt.o
  CC      lib/fdt_empty_tree.o
  CC      lib/fdt_ro.o
  CC      lib/fdt_rw.o
  CC      lib/fdt_strerror.o
  CC      lib/fdt_sw.o
  CC      lib/fdt_wip.o
  CC      lib/flex_proportions.o
  CC      lib/idr.o
  CC      lib/int_sqrt.o
  CC      lib/ioremap.o
  CC      lib/irq_regs.o
  CC      lib/is_single_threaded.o
  CC      lib/klist.o
  CC      lib/kobject.o
  CC      lib/kobject_uevent.o
  CC      lib/md5.o
  CC      lib/nmi_backtrace.o
  CC      lib/nodemask.o
  CC      lib/plist.o
  CC      lib/radix-tree.o
  CC      lib/ratelimit.o
  CC      lib/rbtree.o
  CC      lib/seq_buf.o
  CC      lib/sha1.o
  CC      lib/show_mem.o
  CC      lib/string.o
  CC      lib/timerqueue.o
  CC      lib/vsprintf.o
  CC      lib/win_minmax.o
  AR      lib/lib.a
  EXPORTS lib/lib-ksyms.o
  LD      lib/built-in.o
  LD      virt/lib/built-in.o
  LD      virt/built-in.o
  LD      vmlinux.o
  MODPOST vmlinux.o
  GEN     .version
  CHK     include/generated/compile.h
  UPD     include/generated/compile.h
  CC      init/version.o
  LD      init/built-in.o
  KSYM    .tmp_kallsyms1.o
  KSYM    .tmp_kallsyms2.o
  LD      vmlinux
  SORTEX  vmlinux
  SYSMAP  System.map
